time="2024-09-01T17:39:20Z" level=info msg="create process:rpk_status"
time="2024-09-01T17:39:20Z" level=info msg="create process:wasm_engine"
time="2024-09-01T17:39:20Z" level=info msg="stop listening"
time="2024-09-01T17:39:20Z" level=info msg="try to start program" program=rpk_status
time="2024-09-01T17:39:20Z" level=info msg="try to start program" program=wasm_engine
time="2024-09-01T17:39:20Z" level=info msg="program stopped with status:exit status 0" program=wasm_engine
time="2024-09-01T17:39:21Z" level=info msg="success to start program" program=rpk_status
time="2024-09-01T17:39:21Z" level=info msg="success to start program" program=wasm_engine
time="2024-09-02T10:33:59Z" level=info msg="create process:rpk_status"
time="2024-09-02T10:33:59Z" level=info msg="create process:wasm_engine"
time="2024-09-02T10:33:59Z" level=info msg="stop listening"
time="2024-09-02T10:33:59Z" level=info msg="try to start program" program=rpk_status
time="2024-09-02T10:33:59Z" level=info msg="try to start program" program=wasm_engine
time="2024-09-02T10:33:59Z" level=info msg="program stopped with status:exit status 0" program=wasm_engine
time="2024-09-02T10:34:00Z" level=info msg="success to start program" program=rpk_status
time="2024-09-02T10:34:00Z" level=info msg="success to start program" program=wasm_engine
time="2024-09-02T10:42:31Z" level=info msg="create process:rpk_status"
time="2024-09-02T10:42:31Z" level=info msg="create process:wasm_engine"
time="2024-09-02T10:42:31Z" level=info msg="stop listening"
time="2024-09-02T10:42:31Z" level=info msg="try to start program" program=rpk_status
time="2024-09-02T10:42:31Z" level=info msg="try to start program" program=wasm_engine
time="2024-09-02T10:42:31Z" level=info msg="program stopped with status:exit status 0" program=wasm_engine
time="2024-09-02T10:42:32Z" level=info msg="success to start program" program=rpk_status
time="2024-09-02T10:42:33Z" level=info msg="success to start program" program=wasm_engine
time="2024-09-02T10:45:58Z" level=info msg="create process:wasm_engine"
time="2024-09-02T10:45:58Z" level=info msg="create process:rpk_status"
time="2024-09-02T10:45:58Z" level=info msg="stop listening"
time="2024-09-02T10:45:58Z" level=info msg="try to start program" program=wasm_engine
time="2024-09-02T10:45:58Z" level=info msg="try to start program" program=rpk_status
time="2024-09-02T10:45:58Z" level=info msg="program stopped with status:exit status 0" program=wasm_engine
time="2024-09-02T10:45:59Z" level=info msg="success to start program" program=rpk_status
time="2024-09-02T10:45:59Z" level=info msg="success to start program" program=wasm_engine
time="2024-09-02T10:50:12Z" level=info msg="create process:wasm_engine"
time="2024-09-02T10:50:12Z" level=info msg="create process:rpk_status"
time="2024-09-02T10:50:12Z" level=info msg="stop listening"
time="2024-09-02T10:50:12Z" level=info msg="try to start program" program=wasm_engine
time="2024-09-02T10:50:12Z" level=info msg="try to start program" program=rpk_status
time="2024-09-02T10:50:12Z" level=info msg="program stopped with status:exit status 0" program=wasm_engine
time="2024-09-02T10:50:13Z" level=info msg="success to start program" program=rpk_status
time="2024-09-02T10:50:13Z" level=info msg="success to start program" program=wasm_engine
time="2024-09-02T15:06:09Z" level=info msg="create process:rpk_status"
time="2024-09-02T15:06:09Z" level=info msg="create process:wasm_engine"
time="2024-09-02T15:06:09Z" level=info msg="stop listening"
time="2024-09-02T15:06:09Z" level=info msg="try to start program" program=rpk_status
time="2024-09-02T15:06:09Z" level=info msg="try to start program" program=wasm_engine
time="2024-09-02T15:06:09Z" level=info msg="program stopped with status:exit status 0" program=wasm_engine
time="2024-09-02T15:06:10Z" level=info msg="success to start program" program=rpk_status
time="2024-09-02T15:06:10Z" level=info msg="success to start program" program=wasm_engine
time="2024-09-02T15:55:17Z" level=info msg="create process:wasm_engine"
time="2024-09-02T15:55:17Z" level=info msg="create process:rpk_status"
time="2024-09-02T15:55:17Z" level=info msg="stop listening"
time="2024-09-02T15:55:17Z" level=info msg="try to start program" program=wasm_engine
time="2024-09-02T15:55:17Z" level=info msg="try to start program" program=rpk_status
time="2024-09-02T15:55:17Z" level=info msg="program stopped with status:exit status 0" program=wasm_engine
time="2024-09-02T15:55:18Z" level=info msg="success to start program" program=rpk_status
time="2024-09-02T15:55:18Z" level=info msg="success to start program" program=wasm_engine
time="2024-09-03T05:57:20Z" level=info msg="create process:wasm_engine"
time="2024-09-03T05:57:20Z" level=info msg="create process:rpk_status"
time="2024-09-03T05:57:20Z" level=info msg="stop listening"
time="2024-09-03T05:57:20Z" level=info msg="try to start program" program=rpk_status
time="2024-09-03T05:57:20Z" level=info msg="try to start program" program=wasm_engine
time="2024-09-03T05:57:20Z" level=info msg="program stopped with status:exit status 0" program=wasm_engine
time="2024-09-03T05:57:21Z" level=info msg="success to start program" program=rpk_status
time="2024-09-03T05:57:21Z" level=info msg="success to start program" program=wasm_engine
time="2024-09-03T06:17:52Z" level=info msg="create process:rpk_status"
time="2024-09-03T06:17:52Z" level=info msg="create process:wasm_engine"
time="2024-09-03T06:17:52Z" level=info msg="stop listening"
time="2024-09-03T06:17:52Z" level=info msg="try to start program" program=rpk_status
time="2024-09-03T06:17:52Z" level=info msg="try to start program" program=wasm_engine
time="2024-09-03T06:17:52Z" level=info msg="program stopped with status:exit status 0" program=wasm_engine
time="2024-09-03T06:17:53Z" level=info msg="success to start program" program=rpk_status
time="2024-09-03T06:17:53Z" level=info msg="success to start program" program=wasm_engine
time="2024-09-03T06:31:50Z" level=info msg="create process:rpk_status"
time="2024-09-03T06:31:50Z" level=info msg="create process:wasm_engine"
time="2024-09-03T06:31:50Z" level=info msg="stop listening"
time="2024-09-03T06:31:50Z" level=info msg="try to start program" program=rpk_status
time="2024-09-03T06:31:50Z" level=info msg="try to start program" program=wasm_engine
time="2024-09-03T06:31:50Z" level=info msg="program stopped with status:exit status 0" program=wasm_engine
time="2024-09-03T06:31:51Z" level=info msg="success to start program" program=rpk_status
time="2024-09-03T06:31:51Z" level=info msg="success to start program" program=wasm_engine
time="2024-09-03T06:41:34Z" level=info msg="create process:wasm_engine"
time="2024-09-03T06:41:34Z" level=info msg="create process:rpk_status"
time="2024-09-03T06:41:34Z" level=info msg="stop listening"
time="2024-09-03T06:41:34Z" level=info msg="try to start program" program=wasm_engine
time="2024-09-03T06:41:34Z" level=info msg="try to start program" program=rpk_status
time="2024-09-03T06:41:35Z" level=info msg="success to start program" program=rpk_status
time="2024-09-03T06:41:35Z" level=info msg="success to start program" program=wasm_engine
time="2024-09-04T05:59:22Z" level=info msg="create process:rpk_status"
time="2024-09-04T05:59:22Z" level=info msg="create process:wasm_engine"
time="2024-09-04T05:59:22Z" level=info msg="stop listening"
time="2024-09-04T05:59:22Z" level=info msg="try to start program" program=rpk_status
time="2024-09-04T05:59:22Z" level=info msg="try to start program" program=wasm_engine
time="2024-09-04T05:59:22Z" level=info msg="program stopped with status:exit status 0" program=wasm_engine
time="2024-09-04T05:59:23Z" level=info msg="success to start program" program=rpk_status
time="2024-09-04T05:59:23Z" level=info msg="success to start program" program=wasm_engine
