+ redpanda_conf=/etc/redpanda/redpanda.yaml
+ exec_if_enabled
+ grep enable_coproc: /etc/redpanda/redpanda.yaml
+ awk {print $2}
+ enable_coproc=
+ [  = true ]
+ inotifywait -e close_write /etc/redpanda/redpanda.yaml
Setting up watches.
Watches established.
+ redpanda_conf=/etc/redpanda/redpanda.yaml
+ exec_if_enabled
+ grep enable_coproc: /etc/redpanda/redpanda.yaml
+ awk {print $2}
+ enable_coproc=
+ [  = true ]
+ inotifywait -e close_write /etc/redpanda/redpanda.yaml
Setting up watches.
Watches established.
+ redpanda_conf=/etc/redpanda/redpanda.yaml
+ exec_if_enabled
+ grep enable_coproc: /etc/redpanda/redpanda.yaml
+ awk {print $2}
+ enable_coproc=
+ [  = true ]
+ inotifywait -e close_write /etc/redpanda/redpanda.yaml
Setting up watches.
Watches established.
+ redpanda_conf=/etc/redpanda/redpanda.yaml
+ exec_if_enabled
+ awk {print $2}
+ grep enable_coproc: /etc/redpanda/redpanda.yaml
+ enable_coproc=
+ [  = true ]
+ inotifywait -e close_write /etc/redpanda/redpanda.yaml
Setting up watches.
Watches established.
+ redpanda_conf=/etc/redpanda/redpanda.yaml
+ exec_if_enabled
+ grep enable_coproc: /etc/redpanda/redpanda.yaml
+ awk {print $2}
+ enable_coproc=
+ [  = true ]
+ inotifywait -e close_write /etc/redpanda/redpanda.yaml
Setting up watches.
Watches established.
+ redpanda_conf=/etc/redpanda/redpanda.yaml
+ exec_if_enabled
+ grep enable_coproc: /etc/redpanda/redpanda.yaml
+ awk {print $2}
+ enable_coproc=
+ [  = true ]
+ inotifywait -e close_write /etc/redpanda/redpanda.yaml
Setting up watches.
Watches established.
+ redpanda_conf=/etc/redpanda/redpanda.yaml
+ exec_if_enabled
+ grep enable_coproc: /etc/redpanda/redpanda.yaml
+ awk {print $2}
+ enable_coproc=
+ [  = true ]
+ inotifywait -e close_write /etc/redpanda/redpanda.yaml
Setting up watches.
Watches established.
+ redpanda_conf=/etc/redpanda/redpanda.yaml
+ exec_if_enabled
+ grep enable_coproc: /etc/redpanda/redpanda.yaml
+ awk {print $2}
+ enable_coproc=
+ [  = true ]
+ inotifywait -e close_write /etc/redpanda/redpanda.yaml
Setting up watches.
Watches established.
+ redpanda_conf=/etc/redpanda/redpanda.yaml
+ exec_if_enabled
+ grep enable_coproc: /etc/redpanda/redpanda.yaml
+ awk {print $2}
+ enable_coproc=
+ [  = true ]
+ inotifywait -e close_write /etc/redpanda/redpanda.yaml
Setting up watches.
Watches established.
+ redpanda_conf=/etc/redpanda/redpanda.yaml
+ exec_if_enabled
+ grep enable_coproc: /etc/redpanda/redpanda.yaml
+ awk {print $2}
+ enable_coproc=
+ [  = true ]
+ inotifywait -e close_write /etc/redpanda/redpanda.yaml
Setting up watches.
Watches established.
+ redpanda_conf=/etc/redpanda/redpanda.yaml
+ exec_if_enabled
+ grep enable_coproc: /etc/redpanda/redpanda.yaml
+ awk {print $2}
+ enable_coproc=
+ [  = true ]
+ inotifywait -e close_write /etc/redpanda/redpanda.yaml
Setting up watches.
Watches established.
+ redpanda_conf=/etc/redpanda/redpanda.yaml
+ exec_if_enabled
+ + grep enable_coproc: /etc/redpanda/redpanda.yaml
awk {print $2}
+ enable_coproc=
+ [  = true ]
+ inotifywait -e close_write /etc/redpanda/redpanda.yaml
Setting up watches.
Watches established.
+ redpanda_conf=/etc/redpanda/redpanda.yaml
+ exec_if_enabled
+ grep enable_coproc: /etc/redpanda/redpanda.yaml
+ awk {print $2}
+ enable_coproc=
+ [  = true ]
+ inotifywait -e close_write /etc/redpanda/redpanda.yaml
Setting up watches.
Watches established.
+ redpanda_conf=/etc/redpanda/redpanda.yaml
+ exec_if_enabled
+ grep enable_coproc: /etc/redpanda/redpanda.yaml
+ awk {print $2}
+ enable_coproc=
+ [  = true ]
+ inotifywait -e close_write /etc/redpanda/redpanda.yaml
Setting up watches.
Watches established.
+ redpanda_conf=/etc/redpanda/redpanda.yaml
+ exec_if_enabled
+ grep enable_coproc: /etc/redpanda/redpanda.yaml
+ awk {print $2}
+ enable_coproc=
+ [  = true ]
+ inotifywait -e close_write /etc/redpanda/redpanda.yaml
Setting up watches.
Watches established.
+ redpanda_conf=/etc/redpanda/redpanda.yaml
+ exec_if_enabled
+ grep enable_coproc: /etc/redpanda/redpanda.yaml
+ awk {print $2}
+ enable_coproc=
+ [  = true ]
+ inotifywait -e close_write /etc/redpanda/redpanda.yaml
Setting up watches.
Watches established.
+ redpanda_conf=/etc/redpanda/redpanda.yaml
+ exec_if_enabled
+ grep enable_coproc: /etc/redpanda/redpanda.yaml
+ awk {print $2}
+ enable_coproc=
+ [  = true ]
+ inotifywait -e close_write /etc/redpanda/redpanda.yaml
Setting up watches.
Watches established.
+ redpanda_conf=/etc/redpanda/redpanda.yaml
+ exec_if_enabled
+ grep enable_coproc: /etc/redpanda/redpanda.yaml
+ awk {print $2}
+ enable_coproc=
+ [  = true ]
+ inotifywait -e close_write /etc/redpanda/redpanda.yaml
Setting up watches.
Watches established.
+ redpanda_conf=/etc/redpanda/redpanda.yaml
+ exec_if_enabled
+ awk {print $2}
+ grep enable_coproc: /etc/redpanda/redpanda.yaml
+ enable_coproc=
+ [  = true ]
+ inotifywait -e close_write /etc/redpanda/redpanda.yaml
Setting up watches.
Watches established.
+ redpanda_conf=/etc/redpanda/redpanda.yaml
+ exec_if_enabled
+ grep enable_coproc: /etc/redpanda/redpanda.yaml
+ awk {print $2}
+ enable_coproc=
+ [  = true ]
+ inotifywait -e close_write /etc/redpanda/redpanda.yaml
Setting up watches.
Watches established.
+ redpanda_conf=/etc/redpanda/redpanda.yaml
+ exec_if_enabled
+ grep enable_coproc: /etc/redpanda/redpanda.yaml
+ awk {print $2}
+ enable_coproc=
+ [  = true ]
+ inotifywait -e close_write /etc/redpanda/redpanda.yaml
Setting up watches.
Watches established.
+ redpanda_conf=/etc/redpanda/redpanda.yaml
+ exec_if_enabled
+ grep enable_coproc: /etc/redpanda/redpanda.yaml
+ awk {print $2}
+ enable_coproc=
+ [  = true ]
+ inotifywait -e close_write /etc/redpanda/redpanda.yaml
Setting up watches.
Watches established.
+ redpanda_conf=/etc/redpanda/redpanda.yaml
+ exec_if_enabled
+ grep enable_coproc: /etc/redpanda/redpanda.yaml
+ awk {print $2}
+ enable_coproc=
+ [  = true ]
+ inotifywait -e close_write /etc/redpanda/redpanda.yaml
Setting up watches.
Watches established.
+ redpanda_conf=/etc/redpanda/redpanda.yaml
+ exec_if_enabled
+ grep enable_coproc: /etc/redpanda/redpanda.yaml
+ awk {print $2}
+ enable_coproc=
+ [  = true ]
+ inotifywait -e close_write /etc/redpanda/redpanda.yaml
Setting up watches.
Watches established.
